**.a**
**.angular**
**.astro**
**.aux**
**bak**
**.bbl**
**.benchmarks**
**.bcf**
**bin**
**.blg**
**bower_components**
**build**
**.cache**
**.cargo**
**Cargo.lock**
**CMakeFiles**
**CMakeCache.txt**
**coverage**
**.coverage**
**.dll**
**.DS_Store**
**.dSYM**
**.dylib**
**.eslintcache**
**.exe**
**.fdb_latexmk**
**.fls**
**.git**
**.hg**
**.hypothesis**
**.idea**
**.ipynb_checkpoints**
**.lib**
**lock**
**.lof**
**.lot**
**Makefile**
**.mod**
**.mypy_cache**
**.nav**
**.next**
**node_modules**
**.nox**
**.npm**
**.nuxt**
**.o**
**.obj**
**obj**
**.out**
**.parcel-cache**
**.pch**
**.pdb**
**.pdm-build**
**pip-wheel-metadata**
**.pytest_cache**
**.ruff_cache**
**.run.xml**
**.rustup**
**.snm**
**.so**
**.svelte-kit**
**.svn**
**swp**
**swo**
**.synctex.gz**
**target**
**.temp**
**Thumbs.db**
**tmp**
**.toc**
**.tox**
**.tsbuildinfo**
**.turbo**
**.vercel**
**.venv**
**venv**
**.vite**
**.vs**
**.vscode**
**.yarn**
**__pycache__**
**Thirdparty**
